<?xml version="1.0" encoding="UTF-8"?>
<testsuite xmlns:xsi="http://www.w3.org/2001/XMLSchema-instance" xsi:noNamespaceSchemaLocation="https://maven.apache.org/surefire/maven-surefire-plugin/xsd/surefire-test-report.xsd" name="cn.itcast.hotel.HotelDemoApplicationTests" time="2.131" tests="1" errors="0" skipped="0" failures="0">
  <properties>
    <property name="java.specification.version" value="17"/>
    <property name="sun.cpu.isalist" value="amd64"/>
    <property name="sun.jnu.encoding" value="Cp1252"/>
    <property name="java.class.path" value="D:\Study\Micro Server--SpringCloud\1 Basic\Basic\Charpter5 ES\hotel-demo\target\test-classes;D:\Study\Micro Server--SpringCloud\1 Basic\Basic\Charpter5 ES\hotel-demo\target\classes;C:\Users\MrChn\.m2\repository\org\springframework\boot\spring-boot-starter-web\2.3.10.RELEASE\spring-boot-starter-web-2.3.10.RELEASE.jar;C:\Users\MrChn\.m2\repository\org\springframework\boot\spring-boot-starter\2.3.10.RELEASE\spring-boot-starter-2.3.10.RELEASE.jar;C:\Users\MrChn\.m2\repository\org\springframework\boot\spring-boot\2.3.10.RELEASE\spring-boot-2.3.10.RELEASE.jar;C:\Users\MrChn\.m2\repository\org\springframework\boot\spring-boot-starter-logging\2.3.10.RELEASE\spring-boot-starter-logging-2.3.10.RELEASE.jar;C:\Users\MrChn\.m2\repository\ch\qos\logback\logback-classic\1.2.3\logback-classic-1.2.3.jar;C:\Users\MrChn\.m2\repository\ch\qos\logback\logback-core\1.2.3\logback-core-1.2.3.jar;C:\Users\MrChn\.m2\repository\org\apache\logging\log4j\log4j-to-slf4j\2.13.3\log4j-to-slf4j-2.13.3.jar;C:\Users\MrChn\.m2\repository\org\apache\logging\log4j\log4j-api\2.13.3\log4j-api-2.13.3.jar;C:\Users\MrChn\.m2\repository\org\slf4j\jul-to-slf4j\1.7.30\jul-to-slf4j-1.7.30.jar;C:\Users\MrChn\.m2\repository\jakarta\annotation\jakarta.annotation-api\1.3.5\jakarta.annotation-api-1.3.5.jar;C:\Users\MrChn\.m2\repository\org\yaml\snakeyaml\1.26\snakeyaml-1.26.jar;C:\Users\MrChn\.m2\repository\org\springframework\boot\spring-boot-starter-json\2.3.10.RELEASE\spring-boot-starter-json-2.3.10.RELEASE.jar;C:\Users\MrChn\.m2\repository\com\fasterxml\jackson\core\jackson-databind\2.11.4\jackson-databind-2.11.4.jar;C:\Users\MrChn\.m2\repository\com\fasterxml\jackson\core\jackson-annotations\2.11.4\jackson-annotations-2.11.4.jar;C:\Users\MrChn\.m2\repository\com\fasterxml\jackson\core\jackson-core\2.11.4\jackson-core-2.11.4.jar;C:\Users\MrChn\.m2\repository\com\fasterxml\jackson\datatype\jackson-datatype-jdk8\2.11.4\jackson-datatype-jdk8-2.11.4.jar;C:\Users\MrChn\.m2\repository\com\fasterxml\jackson\datatype\jackson-datatype-jsr310\2.11.4\jackson-datatype-jsr310-2.11.4.jar;C:\Users\MrChn\.m2\repository\com\fasterxml\jackson\module\jackson-module-parameter-names\2.11.4\jackson-module-parameter-names-2.11.4.jar;C:\Users\MrChn\.m2\repository\org\springframework\boot\spring-boot-starter-tomcat\2.3.10.RELEASE\spring-boot-starter-tomcat-2.3.10.RELEASE.jar;C:\Users\MrChn\.m2\repository\org\apache\tomcat\embed\tomcat-embed-core\9.0.45\tomcat-embed-core-9.0.45.jar;C:\Users\MrChn\.m2\repository\org\glassfish\jakarta.el\3.0.3\jakarta.el-3.0.3.jar;C:\Users\MrChn\.m2\repository\org\apache\tomcat\embed\tomcat-embed-websocket\9.0.45\tomcat-embed-websocket-9.0.45.jar;C:\Users\MrChn\.m2\repository\org\springframework\spring-web\5.2.14.RELEASE\spring-web-5.2.14.RELEASE.jar;C:\Users\MrChn\.m2\repository\org\springframework\spring-beans\5.2.14.RELEASE\spring-beans-5.2.14.RELEASE.jar;C:\Users\MrChn\.m2\repository\org\springframework\spring-webmvc\5.2.14.RELEASE\spring-webmvc-5.2.14.RELEASE.jar;C:\Users\MrChn\.m2\repository\org\springframework\spring-aop\5.2.14.RELEASE\spring-aop-5.2.14.RELEASE.jar;C:\Users\MrChn\.m2\repository\org\springframework\spring-context\5.2.14.RELEASE\spring-context-5.2.14.RELEASE.jar;C:\Users\MrChn\.m2\repository\org\springframework\spring-expression\5.2.14.RELEASE\spring-expression-5.2.14.RELEASE.jar;C:\Users\MrChn\.m2\repository\com\baomidou\mybatis-plus-boot-starter\3.4.2\mybatis-plus-boot-starter-3.4.2.jar;C:\Users\MrChn\.m2\repository\com\baomidou\mybatis-plus\3.4.2\mybatis-plus-3.4.2.jar;C:\Users\MrChn\.m2\repository\com\baomidou\mybatis-plus-extension\3.4.2\mybatis-plus-extension-3.4.2.jar;C:\Users\MrChn\.m2\repository\com\baomidou\mybatis-plus-core\3.4.2\mybatis-plus-core-3.4.2.jar;C:\Users\MrChn\.m2\repository\com\baomidou\mybatis-plus-annotation\3.4.2\mybatis-plus-annotation-3.4.2.jar;C:\Users\MrChn\.m2\repository\com\github\jsqlparser\jsqlparser\4.0\jsqlparser-4.0.jar;C:\Users\MrChn\.m2\repository\org\mybatis\mybatis\3.5.6\mybatis-3.5.6.jar;C:\Users\MrChn\.m2\repository\org\mybatis\mybatis-spring\2.0.5\mybatis-spring-2.0.5.jar;C:\Users\MrChn\.m2\repository\org\springframework\boot\spring-boot-autoconfigure\2.3.10.RELEASE\spring-boot-autoconfigure-2.3.10.RELEASE.jar;C:\Users\MrChn\.m2\repository\org\springframework\boot\spring-boot-starter-jdbc\2.3.10.RELEASE\spring-boot-starter-jdbc-2.3.10.RELEASE.jar;C:\Users\MrChn\.m2\repository\com\zaxxer\HikariCP\3.4.5\HikariCP-3.4.5.jar;C:\Users\MrChn\.m2\repository\org\springframework\spring-jdbc\5.2.14.RELEASE\spring-jdbc-5.2.14.RELEASE.jar;C:\Users\MrChn\.m2\repository\org\springframework\spring-tx\5.2.14.RELEASE\spring-tx-5.2.14.RELEASE.jar;C:\Users\MrChn\.m2\repository\mysql\mysql-connector-java\8.0.23\mysql-connector-java-8.0.23.jar;C:\Users\MrChn\.m2\repository\org\projectlombok\lombok\1.18.20\lombok-1.18.20.jar;C:\Users\MrChn\.m2\repository\org\springframework\boot\spring-boot-starter-test\2.3.10.RELEASE\spring-boot-starter-test-2.3.10.RELEASE.jar;C:\Users\MrChn\.m2\repository\org\springframework\boot\spring-boot-test\2.3.10.RELEASE\spring-boot-test-2.3.10.RELEASE.jar;C:\Users\MrChn\.m2\repository\org\springframework\boot\spring-boot-test-autoconfigure\2.3.10.RELEASE\spring-boot-test-autoconfigure-2.3.10.RELEASE.jar;C:\Users\MrChn\.m2\repository\com\jayway\jsonpath\json-path\2.4.0\json-path-2.4.0.jar;C:\Users\MrChn\.m2\repository\net\minidev\json-smart\2.3\json-smart-2.3.jar;C:\Users\MrChn\.m2\repository\net\minidev\accessors-smart\1.2\accessors-smart-1.2.jar;C:\Users\MrChn\.m2\repository\org\ow2\asm\asm\5.0.4\asm-5.0.4.jar;C:\Users\MrChn\.m2\repository\org\slf4j\slf4j-api\1.7.30\slf4j-api-1.7.30.jar;C:\Users\MrChn\.m2\repository\jakarta\xml\bind\jakarta.xml.bind-api\2.3.3\jakarta.xml.bind-api-2.3.3.jar;C:\Users\MrChn\.m2\repository\jakarta\activation\jakarta.activation-api\1.2.2\jakarta.activation-api-1.2.2.jar;C:\Users\MrChn\.m2\repository\org\assertj\assertj-core\3.16.1\assertj-core-3.16.1.jar;C:\Users\MrChn\.m2\repository\org\hamcrest\hamcrest\2.2\hamcrest-2.2.jar;C:\Users\MrChn\.m2\repository\org\junit\jupiter\junit-jupiter\5.6.3\junit-jupiter-5.6.3.jar;C:\Users\MrChn\.m2\repository\org\junit\jupiter\junit-jupiter-api\5.6.3\junit-jupiter-api-5.6.3.jar;C:\Users\MrChn\.m2\repository\org\apiguardian\apiguardian-api\1.1.0\apiguardian-api-1.1.0.jar;C:\Users\MrChn\.m2\repository\org\opentest4j\opentest4j\1.2.0\opentest4j-1.2.0.jar;C:\Users\MrChn\.m2\repository\org\junit\platform\junit-platform-commons\1.6.3\junit-platform-commons-1.6.3.jar;C:\Users\MrChn\.m2\repository\org\junit\jupiter\junit-jupiter-params\5.6.3\junit-jupiter-params-5.6.3.jar;C:\Users\MrChn\.m2\repository\org\junit\jupiter\junit-jupiter-engine\5.6.3\junit-jupiter-engine-5.6.3.jar;C:\Users\MrChn\.m2\repository\org\junit\platform\junit-platform-engine\1.6.3\junit-platform-engine-1.6.3.jar;C:\Users\MrChn\.m2\repository\org\mockito\mockito-core\3.3.3\mockito-core-3.3.3.jar;C:\Users\MrChn\.m2\repository\net\bytebuddy\byte-buddy\1.10.22\byte-buddy-1.10.22.jar;C:\Users\MrChn\.m2\repository\net\bytebuddy\byte-buddy-agent\1.10.22\byte-buddy-agent-1.10.22.jar;C:\Users\MrChn\.m2\repository\org\objenesis\objenesis\2.6\objenesis-2.6.jar;C:\Users\MrChn\.m2\repository\org\mockito\mockito-junit-jupiter\3.3.3\mockito-junit-jupiter-3.3.3.jar;C:\Users\MrChn\.m2\repository\org\skyscreamer\jsonassert\1.5.0\jsonassert-1.5.0.jar;C:\Users\MrChn\.m2\repository\com\vaadin\external\google\android-json\0.0.20131108.vaadin1\android-json-0.0.20131108.vaadin1.jar;C:\Users\MrChn\.m2\repository\org\springframework\spring-core\5.2.14.RELEASE\spring-core-5.2.14.RELEASE.jar;C:\Users\MrChn\.m2\repository\org\springframework\spring-jcl\5.2.14.RELEASE\spring-jcl-5.2.14.RELEASE.jar;C:\Users\MrChn\.m2\repository\org\springframework\spring-test\5.2.14.RELEASE\spring-test-5.2.14.RELEASE.jar;C:\Users\MrChn\.m2\repository\org\xmlunit\xmlunit-core\2.7.0\xmlunit-core-2.7.0.jar;C:\Users\MrChn\.m2\repository\com\alibaba\fastjson\1.2.71\fastjson-1.2.71.jar;C:\Users\MrChn\.m2\repository\org\apache\commons\commons-lang3\3.10\commons-lang3-3.10.jar;"/>
    <property name="java.vm.vendor" value="Amazon.com Inc."/>
    <property name="sun.arch.data.model" value="64"/>
    <property name="user.variant" value=""/>
    <property name="java.vendor.url" value="https://aws.amazon.com/corretto/"/>
    <property name="user.timezone" value="Australia/Adelaide"/>
    <property name="os.name" value="Windows 10"/>
    <property name="java.vm.specification.version" value="17"/>
    <property name="sun.java.launcher" value="SUN_STANDARD"/>
    <property name="user.country" value="US"/>
    <property name="sun.boot.library.path" value="C:\Users\MrChn\.jdks\corretto-17.0.6\bin"/>
    <property name="sun.java.command" value="C:\Users\MrChn\AppData\Local\Temp\surefire12418210587958654178\surefirebooter14604443139900055797.jar C:\Users\MrChn\AppData\Local\Temp\surefire12418210587958654178 2023-12-29T18-06-06_507-jvmRun1 surefire12957039346250402719tmp surefire_03828356372830128451tmp"/>
    <property name="jdk.debug" value="release"/>
    <property name="surefire.test.class.path" value="D:\Study\Micro Server--SpringCloud\1 Basic\Basic\Charpter5 ES\hotel-demo\target\test-classes;D:\Study\Micro Server--SpringCloud\1 Basic\Basic\Charpter5 ES\hotel-demo\target\classes;C:\Users\MrChn\.m2\repository\org\springframework\boot\spring-boot-starter-web\2.3.10.RELEASE\spring-boot-starter-web-2.3.10.RELEASE.jar;C:\Users\MrChn\.m2\repository\org\springframework\boot\spring-boot-starter\2.3.10.RELEASE\spring-boot-starter-2.3.10.RELEASE.jar;C:\Users\MrChn\.m2\repository\org\springframework\boot\spring-boot\2.3.10.RELEASE\spring-boot-2.3.10.RELEASE.jar;C:\Users\MrChn\.m2\repository\org\springframework\boot\spring-boot-starter-logging\2.3.10.RELEASE\spring-boot-starter-logging-2.3.10.RELEASE.jar;C:\Users\MrChn\.m2\repository\ch\qos\logback\logback-classic\1.2.3\logback-classic-1.2.3.jar;C:\Users\MrChn\.m2\repository\ch\qos\logback\logback-core\1.2.3\logback-core-1.2.3.jar;C:\Users\MrChn\.m2\repository\org\apache\logging\log4j\log4j-to-slf4j\2.13.3\log4j-to-slf4j-2.13.3.jar;C:\Users\MrChn\.m2\repository\org\apache\logging\log4j\log4j-api\2.13.3\log4j-api-2.13.3.jar;C:\Users\MrChn\.m2\repository\org\slf4j\jul-to-slf4j\1.7.30\jul-to-slf4j-1.7.30.jar;C:\Users\MrChn\.m2\repository\jakarta\annotation\jakarta.annotation-api\1.3.5\jakarta.annotation-api-1.3.5.jar;C:\Users\MrChn\.m2\repository\org\yaml\snakeyaml\1.26\snakeyaml-1.26.jar;C:\Users\MrChn\.m2\repository\org\springframework\boot\spring-boot-starter-json\2.3.10.RELEASE\spring-boot-starter-json-2.3.10.RELEASE.jar;C:\Users\MrChn\.m2\repository\com\fasterxml\jackson\core\jackson-databind\2.11.4\jackson-databind-2.11.4.jar;C:\Users\MrChn\.m2\repository\com\fasterxml\jackson\core\jackson-annotations\2.11.4\jackson-annotations-2.11.4.jar;C:\Users\MrChn\.m2\repository\com\fasterxml\jackson\core\jackson-core\2.11.4\jackson-core-2.11.4.jar;C:\Users\MrChn\.m2\repository\com\fasterxml\jackson\datatype\jackson-datatype-jdk8\2.11.4\jackson-datatype-jdk8-2.11.4.jar;C:\Users\MrChn\.m2\repository\com\fasterxml\jackson\datatype\jackson-datatype-jsr310\2.11.4\jackson-datatype-jsr310-2.11.4.jar;C:\Users\MrChn\.m2\repository\com\fasterxml\jackson\module\jackson-module-parameter-names\2.11.4\jackson-module-parameter-names-2.11.4.jar;C:\Users\MrChn\.m2\repository\org\springframework\boot\spring-boot-starter-tomcat\2.3.10.RELEASE\spring-boot-starter-tomcat-2.3.10.RELEASE.jar;C:\Users\MrChn\.m2\repository\org\apache\tomcat\embed\tomcat-embed-core\9.0.45\tomcat-embed-core-9.0.45.jar;C:\Users\MrChn\.m2\repository\org\glassfish\jakarta.el\3.0.3\jakarta.el-3.0.3.jar;C:\Users\MrChn\.m2\repository\org\apache\tomcat\embed\tomcat-embed-websocket\9.0.45\tomcat-embed-websocket-9.0.45.jar;C:\Users\MrChn\.m2\repository\org\springframework\spring-web\5.2.14.RELEASE\spring-web-5.2.14.RELEASE.jar;C:\Users\MrChn\.m2\repository\org\springframework\spring-beans\5.2.14.RELEASE\spring-beans-5.2.14.RELEASE.jar;C:\Users\MrChn\.m2\repository\org\springframework\spring-webmvc\5.2.14.RELEASE\spring-webmvc-5.2.14.RELEASE.jar;C:\Users\MrChn\.m2\repository\org\springframework\spring-aop\5.2.14.RELEASE\spring-aop-5.2.14.RELEASE.jar;C:\Users\MrChn\.m2\repository\org\springframework\spring-context\5.2.14.RELEASE\spring-context-5.2.14.RELEASE.jar;C:\Users\MrChn\.m2\repository\org\springframework\spring-expression\5.2.14.RELEASE\spring-expression-5.2.14.RELEASE.jar;C:\Users\MrChn\.m2\repository\com\baomidou\mybatis-plus-boot-starter\3.4.2\mybatis-plus-boot-starter-3.4.2.jar;C:\Users\MrChn\.m2\repository\com\baomidou\mybatis-plus\3.4.2\mybatis-plus-3.4.2.jar;C:\Users\MrChn\.m2\repository\com\baomidou\mybatis-plus-extension\3.4.2\mybatis-plus-extension-3.4.2.jar;C:\Users\MrChn\.m2\repository\com\baomidou\mybatis-plus-core\3.4.2\mybatis-plus-core-3.4.2.jar;C:\Users\MrChn\.m2\repository\com\baomidou\mybatis-plus-annotation\3.4.2\mybatis-plus-annotation-3.4.2.jar;C:\Users\MrChn\.m2\repository\com\github\jsqlparser\jsqlparser\4.0\jsqlparser-4.0.jar;C:\Users\MrChn\.m2\repository\org\mybatis\mybatis\3.5.6\mybatis-3.5.6.jar;C:\Users\MrChn\.m2\repository\org\mybatis\mybatis-spring\2.0.5\mybatis-spring-2.0.5.jar;C:\Users\MrChn\.m2\repository\org\springframework\boot\spring-boot-autoconfigure\2.3.10.RELEASE\spring-boot-autoconfigure-2.3.10.RELEASE.jar;C:\Users\MrChn\.m2\repository\org\springframework\boot\spring-boot-starter-jdbc\2.3.10.RELEASE\spring-boot-starter-jdbc-2.3.10.RELEASE.jar;C:\Users\MrChn\.m2\repository\com\zaxxer\HikariCP\3.4.5\HikariCP-3.4.5.jar;C:\Users\MrChn\.m2\repository\org\springframework\spring-jdbc\5.2.14.RELEASE\spring-jdbc-5.2.14.RELEASE.jar;C:\Users\MrChn\.m2\repository\org\springframework\spring-tx\5.2.14.RELEASE\spring-tx-5.2.14.RELEASE.jar;C:\Users\MrChn\.m2\repository\mysql\mysql-connector-java\8.0.23\mysql-connector-java-8.0.23.jar;C:\Users\MrChn\.m2\repository\org\projectlombok\lombok\1.18.20\lombok-1.18.20.jar;C:\Users\MrChn\.m2\repository\org\springframework\boot\spring-boot-starter-test\2.3.10.RELEASE\spring-boot-starter-test-2.3.10.RELEASE.jar;C:\Users\MrChn\.m2\repository\org\springframework\boot\spring-boot-test\2.3.10.RELEASE\spring-boot-test-2.3.10.RELEASE.jar;C:\Users\MrChn\.m2\repository\org\springframework\boot\spring-boot-test-autoconfigure\2.3.10.RELEASE\spring-boot-test-autoconfigure-2.3.10.RELEASE.jar;C:\Users\MrChn\.m2\repository\com\jayway\jsonpath\json-path\2.4.0\json-path-2.4.0.jar;C:\Users\MrChn\.m2\repository\net\minidev\json-smart\2.3\json-smart-2.3.jar;C:\Users\MrChn\.m2\repository\net\minidev\accessors-smart\1.2\accessors-smart-1.2.jar;C:\Users\MrChn\.m2\repository\org\ow2\asm\asm\5.0.4\asm-5.0.4.jar;C:\Users\MrChn\.m2\repository\org\slf4j\slf4j-api\1.7.30\slf4j-api-1.7.30.jar;C:\Users\MrChn\.m2\repository\jakarta\xml\bind\jakarta.xml.bind-api\2.3.3\jakarta.xml.bind-api-2.3.3.jar;C:\Users\MrChn\.m2\repository\jakarta\activation\jakarta.activation-api\1.2.2\jakarta.activation-api-1.2.2.jar;C:\Users\MrChn\.m2\repository\org\assertj\assertj-core\3.16.1\assertj-core-3.16.1.jar;C:\Users\MrChn\.m2\repository\org\hamcrest\hamcrest\2.2\hamcrest-2.2.jar;C:\Users\MrChn\.m2\repository\org\junit\jupiter\junit-jupiter\5.6.3\junit-jupiter-5.6.3.jar;C:\Users\MrChn\.m2\repository\org\junit\jupiter\junit-jupiter-api\5.6.3\junit-jupiter-api-5.6.3.jar;C:\Users\MrChn\.m2\repository\org\apiguardian\apiguardian-api\1.1.0\apiguardian-api-1.1.0.jar;C:\Users\MrChn\.m2\repository\org\opentest4j\opentest4j\1.2.0\opentest4j-1.2.0.jar;C:\Users\MrChn\.m2\repository\org\junit\platform\junit-platform-commons\1.6.3\junit-platform-commons-1.6.3.jar;C:\Users\MrChn\.m2\repository\org\junit\jupiter\junit-jupiter-params\5.6.3\junit-jupiter-params-5.6.3.jar;C:\Users\MrChn\.m2\repository\org\junit\jupiter\junit-jupiter-engine\5.6.3\junit-jupiter-engine-5.6.3.jar;C:\Users\MrChn\.m2\repository\org\junit\platform\junit-platform-engine\1.6.3\junit-platform-engine-1.6.3.jar;C:\Users\MrChn\.m2\repository\org\mockito\mockito-core\3.3.3\mockito-core-3.3.3.jar;C:\Users\MrChn\.m2\repository\net\bytebuddy\byte-buddy\1.10.22\byte-buddy-1.10.22.jar;C:\Users\MrChn\.m2\repository\net\bytebuddy\byte-buddy-agent\1.10.22\byte-buddy-agent-1.10.22.jar;C:\Users\MrChn\.m2\repository\org\objenesis\objenesis\2.6\objenesis-2.6.jar;C:\Users\MrChn\.m2\repository\org\mockito\mockito-junit-jupiter\3.3.3\mockito-junit-jupiter-3.3.3.jar;C:\Users\MrChn\.m2\repository\org\skyscreamer\jsonassert\1.5.0\jsonassert-1.5.0.jar;C:\Users\MrChn\.m2\repository\com\vaadin\external\google\android-json\0.0.20131108.vaadin1\android-json-0.0.20131108.vaadin1.jar;C:\Users\MrChn\.m2\repository\org\springframework\spring-core\5.2.14.RELEASE\spring-core-5.2.14.RELEASE.jar;C:\Users\MrChn\.m2\repository\org\springframework\spring-jcl\5.2.14.RELEASE\spring-jcl-5.2.14.RELEASE.jar;C:\Users\MrChn\.m2\repository\org\springframework\spring-test\5.2.14.RELEASE\spring-test-5.2.14.RELEASE.jar;C:\Users\MrChn\.m2\repository\org\xmlunit\xmlunit-core\2.7.0\xmlunit-core-2.7.0.jar;C:\Users\MrChn\.m2\repository\com\alibaba\fastjson\1.2.71\fastjson-1.2.71.jar;C:\Users\MrChn\.m2\repository\org\apache\commons\commons-lang3\3.10\commons-lang3-3.10.jar;"/>
    <property name="sun.cpu.endian" value="little"/>
    <property name="user.home" value="C:\Users\MrChn"/>
    <property name="user.language" value="en"/>
    <property name="java.specification.vendor" value="Oracle Corporation"/>
    <property name="java.version.date" value="2023-01-17"/>
    <property name="java.home" value="C:\Users\MrChn\.jdks\corretto-17.0.6"/>
    <property name="file.separator" value="\"/>
    <property name="basedir" value="D:\Study\Micro Server--SpringCloud\1 Basic\Basic\Charpter5 ES\hotel-demo"/>
    <property name="java.vm.compressedOopsMode" value="Zero based"/>
    <property name="line.separator" value="&#10;"/>
    <property name="java.vm.specification.vendor" value="Oracle Corporation"/>
    <property name="java.specification.name" value="Java Platform API Specification"/>
    <property name="surefire.real.class.path" value="C:\Users\MrChn\AppData\Local\Temp\surefire12418210587958654178\surefirebooter14604443139900055797.jar"/>
    <property name="user.script" value=""/>
    <property name="sun.management.compiler" value="HotSpot 64-Bit Tiered Compilers"/>
    <property name="java.runtime.version" value="17.0.6+10-LTS"/>
    <property name="user.name" value="MrChn"/>
    <property name="path.separator" value=";"/>
    <property name="os.version" value="10.0"/>
    <property name="java.runtime.name" value="OpenJDK Runtime Environment"/>
    <property name="file.encoding" value="Cp1252"/>
    <property name="java.vm.name" value="OpenJDK 64-Bit Server VM"/>
    <property name="java.vendor.version" value="Corretto-17.0.6.10.1"/>
    <property name="localRepository" value="C:\Users\MrChn\.m2\repository"/>
    <property name="java.vendor.url.bug" value="https://github.com/corretto/corretto-17/issues/"/>
    <property name="java.io.tmpdir" value="C:\Users\MrChn\AppData\Local\Temp\"/>
    <property name="idea.version" value="2023.2.3"/>
    <property name="java.version" value="17.0.6"/>
    <property name="user.dir" value="D:\Study\Micro Server--SpringCloud\1 Basic\Basic\Charpter5 ES\hotel-demo"/>
    <property name="os.arch" value="amd64"/>
    <property name="java.vm.specification.name" value="Java Virtual Machine Specification"/>
    <property name="sun.os.patch.level" value=""/>
    <property name="native.encoding" value="Cp1252"/>
    <property name="java.library.path" value="C:\Users\MrChn\.jdks\corretto-17.0.6\bin;C:\WINDOWS\Sun\Java\bin;C:\WINDOWS\system32;C:\WINDOWS;C:\Program Files\Microsoft\jdk-11.0.16.101-hotspot\bin;C:\Program Files (x86)\VMware\VMware Workstation\bin\;C:\WINDOWS\system32;C:\WINDOWS;C:\WINDOWS\System32\Wbem;C:\WINDOWS\System32\WindowsPowerShell\v1.0\;C:\WINDOWS\System32\OpenSSH\;C:\Program Files\Microsoft SQL Server\150\Tools\Binn\;C:\Program Files\dotnet\;C:\Program Files\MySQL\MySQL Server 8.0\bin\;C:\Program Files\PuTTY\;D:\Study\SQLite3\SQLite3;D:\Study\Qt;C:\Program Files\Git\cmd;C:\Program Files\nodejs\;D:\Study\JavaWeb\Node.JS;D:\Study\JavaWeb\JavaWeb\JavaWeb\Maven\apache-maven-3.6.1\bin;C:\Users\MrChn\.jdks\corretto-17.0.6\bin;;C:\Program Files (x86)\Tencent\??web?????\dll;C:\Program Files\Amazon\AWSCLIV2\;C:\Program Files\Docker\Docker\resources\bin;C:\Program Files\MySQL\MySQL Shell 8.0\bin\;C:\Users\MrChn\AppData\Local\Programs\Python\Python311\Scripts\;C:\Users\MrChn\AppData\Local\Programs\Python\Python311\;C:\Users\MrChn\AppData\Local\Microsoft\WindowsApps;C:\msys64\ucrt64\bin;F:\Software\Visual Studio Code\Microsoft VS Code\bin;D:\Kali\penetrate tools\Nmap;C:\Program Files\JetBrains\IntelliJ IDEA Community Edition 2022.3.2\bin;;C:\Users\MrChn\.dotnet\tools;C:\Users\MrChn\AppData\Roaming\npm;."/>
    <property name="java.vm.info" value="mixed mode, sharing"/>
    <property name="java.vendor" value="Amazon.com Inc."/>
    <property name="java.vm.version" value="17.0.6+10-LTS"/>
    <property name="sun.io.unicode.encoding" value="UnicodeLittle"/>
    <property name="java.class.version" value="61.0"/>
  </properties>
  <testcase name="contextLoads" classname="cn.itcast.hotel.HotelDemoApplicationTests" time="0.28"/>
</testsuite>